<?xml version="1.0" encoding="UTF-8"?>
<testsuite name="org.burgas.router.ProjectRouterTest" tests="1" skipped="0" failures="0" errors="0" timestamp="2026-06-18T04:39:00.743Z" hostname="DESKTOP-UHR6HTI" time="2.313">
  <properties/>
  <testcase name="project router tests" classname="org.burgas.router.ProjectRouterTest" time="2.308"/>
  <system-out><![CDATA[2026-06-18 11:39:01.504 [DefaultDispatcher-worker-1 @call-context#4] INFO  io.ktor.test - No ktor.deployment.watch patterns specified, automatic reload is not active.
2026-06-18 11:39:01.603 [DefaultDispatcher-worker-1 @coroutine#5] INFO  com.zaxxer.hikari.HikariDataSource - HikariPool-1 - Starting...
2026-06-18 11:39:01.747 [DefaultDispatcher-worker-1 @coroutine#5] INFO  com.zaxxer.hikari.pool.HikariPool - HikariPool-1 - Added connection org.postgresql.jdbc.PgConnection@6161c1f0
2026-06-18 11:39:01.748 [DefaultDispatcher-worker-1 @coroutine#5] INFO  com.zaxxer.hikari.HikariDataSource - HikariPool-1 - Start completed.
2026-06-18 11:39:02.138 [DefaultDispatcher-worker-1 @call-context#4] INFO  io.ktor.test - Application started in 0.647 seconds.
2026-06-18 11:39:02.139 [DefaultDispatcher-worker-2 @coroutine#6] INFO  io.ktor.test - Responding at http://localhost:80
2026-06-18 11:39:02.139 [DefaultDispatcher-worker-2 @coroutine#6] INFO  io.ktor.test - Responding at https://localhost:443
2026-06-18 11:39:02.370 [DefaultDispatcher-worker-2 @request#13] DEBUG Exposed - INSERT INTO "identity" (id, authority, email, "password", firstname, lastname, patronymic, about, status) VALUES ('b0686182-502f-46ac-8ce4-7b913735c015', 'ADMIN', 'admin@gmail.com', '$2a$10$Hn.PRvTu2UJFKb13vs6Dk.SdXOvtn0o2b0QwMCZQAI8hd1PWuMBs6', 'Admin', 'Admin', 'Admin', 'About Admin', TRUE)
2026-06-18 11:39:02.448 [DefaultDispatcher-worker-2 @request#13] DEBUG Exposed - SELECT course.id, course."name", course.description, course.created_at, identity_course.identity_id, identity_course.course_id FROM course INNER JOIN identity_course ON identity_course.course_id = course.id WHERE identity_course.identity_id = 'b0686182-502f-46ac-8ce4-7b913735c015'
2026-06-18 11:39:02.455 [DefaultDispatcher-worker-2 @request#13] DEBUG Exposed - SELECT file.id, file."name", file.content_type, file."data", identity_file.identity_id, identity_file.file_id FROM file INNER JOIN identity_file ON identity_file.file_id = file.id WHERE identity_file.identity_id = 'b0686182-502f-46ac-8ce4-7b913735c015'
2026-06-18 11:39:02.484 [DefaultDispatcher-worker-2 @request#14] DEBUG Exposed - SELECT "identity".id, "identity".authority, "identity".email, "identity"."password", "identity".status, "identity".firstname, "identity".lastname, "identity".patronymic, "identity".about, "identity".image_id FROM "identity" WHERE "identity".email = 'admin@gmail.com'
2026-06-18 11:39:02.547 [DefaultDispatcher-worker-2] DEBUG Exposed - SELECT "identity".id, "identity".authority, "identity".email, "identity"."password", "identity".status, "identity".firstname, "identity".lastname, "identity".patronymic, "identity".about, "identity".image_id FROM "identity" WHERE "identity".email = 'admin@gmail.com'
2026-06-18 11:39:02.556 [DefaultDispatcher-worker-2 @request#18] DEBUG Exposed - SELECT "identity".id, "identity".authority, "identity".email, "identity"."password", "identity".status, "identity".firstname, "identity".lastname, "identity".patronymic, "identity".about, "identity".image_id FROM "identity" WHERE "identity".email = 'admin@gmail.com'
2026-06-18 11:39:02.638 [DefaultDispatcher-worker-2 @request#18] DEBUG Exposed - INSERT INTO course (id, "name", description, created_at) VALUES ('2a1c3ed6-fa94-4304-89c5-6bd41e48dbd2', 'Test Course', 'About Test Course', '2026-06-18')
2026-06-18 11:39:02.651 [DefaultDispatcher-worker-2 @request#18] DEBUG Exposed - SELECT "identity".id, "identity".authority, "identity".email, "identity"."password", "identity".status, "identity".firstname, "identity".lastname, "identity".patronymic, "identity".about, "identity".image_id, identity_course.identity_id, identity_course.course_id FROM "identity" INNER JOIN identity_course ON identity_course.identity_id = "identity".id WHERE identity_course.course_id = '2a1c3ed6-fa94-4304-89c5-6bd41e48dbd2'
2026-06-18 11:39:02.655 [DefaultDispatcher-worker-2 @request#18] DEBUG Exposed - SELECT project.id, project."name", project.description, project.course_id, project.task_id, project.created_at FROM project WHERE project.course_id = '2a1c3ed6-fa94-4304-89c5-6bd41e48dbd2'
2026-06-18 11:39:02.672 [DefaultDispatcher-worker-5] DEBUG Exposed - SELECT course.id, course."name", course.description, course.created_at FROM course WHERE course."name" = 'Test Course'
2026-06-18 11:39:02.681 [DefaultDispatcher-worker-5 @request#19] DEBUG Exposed - SELECT "identity".id, "identity".authority, "identity".email, "identity"."password", "identity".status, "identity".firstname, "identity".lastname, "identity".patronymic, "identity".about, "identity".image_id FROM "identity" WHERE "identity".email = 'admin@gmail.com'
2026-06-18 11:39:02.739 [DefaultDispatcher-worker-5 @request#19] DEBUG Exposed - SELECT course.id, course."name", course.description, course.created_at FROM course WHERE course.id = '2a1c3ed6-fa94-4304-89c5-6bd41e48dbd2'
2026-06-18 11:39:02.754 [DefaultDispatcher-worker-5 @request#19] DEBUG Exposed - INSERT INTO project (id, "name", description, created_at, course_id) VALUES ('5ed8a73a-f45d-46b6-8364-cc529cc4afac', 'Test Project', 'About Test Project', '2026-06-18T11:39:02.737257', '2a1c3ed6-fa94-4304-89c5-6bd41e48dbd2')
2026-06-18 11:39:02.766 [DefaultDispatcher-worker-5 @request#19] DEBUG Exposed - SELECT course.id, course."name", course.description, course.created_at FROM course WHERE course.id = '2a1c3ed6-fa94-4304-89c5-6bd41e48dbd2'
2026-06-18 11:39:02.784 [DefaultDispatcher-worker-3] DEBUG Exposed - SELECT project.id, project."name", project.description, project.course_id, project.task_id, project.created_at FROM project WHERE project."name" = 'Test Project'
2026-06-18 11:39:02.790 [DefaultDispatcher-worker-3 @request#20] DEBUG Exposed - SELECT "identity".id, "identity".authority, "identity".email, "identity"."password", "identity".status, "identity".firstname, "identity".lastname, "identity".patronymic, "identity".about, "identity".image_id FROM "identity" WHERE "identity".email = 'admin@gmail.com'
2026-06-18 11:39:02.849 [DefaultDispatcher-worker-3 @request#20] DEBUG Exposed - SELECT project.id, project."name", project.description, project.course_id, project.task_id, project.created_at FROM project WHERE project.id = '5ed8a73a-f45d-46b6-8364-cc529cc4afac' FOR UPDATE
2026-06-18 11:39:02.851 [DefaultDispatcher-worker-3 @request#20] DEBUG Exposed - SELECT course.id, course."name", course.description, course.created_at FROM course WHERE course.id = '00000000-0000-0000-0000-000000000000'
2026-06-18 11:39:02.853 [DefaultDispatcher-worker-3 @request#20] DEBUG Exposed - SELECT course.id, course."name", course.description, course.created_at FROM course WHERE course.id = '2a1c3ed6-fa94-4304-89c5-6bd41e48dbd2'
2026-06-18 11:39:02.856 [DefaultDispatcher-worker-3 @request#20] DEBUG Exposed - SELECT course.id, course."name", course.description, course.created_at FROM course WHERE course.id = '2a1c3ed6-fa94-4304-89c5-6bd41e48dbd2'
2026-06-18 11:39:02.865 [DefaultDispatcher-worker-3 @request#20] DEBUG Exposed - UPDATE project SET "name"='New Test Project' WHERE id = '5ed8a73a-f45d-46b6-8364-cc529cc4afac'
2026-06-18 11:39:02.876 [DefaultDispatcher-worker-3 @request#21] DEBUG Exposed - SELECT "identity".id, "identity".authority, "identity".email, "identity"."password", "identity".status, "identity".firstname, "identity".lastname, "identity".patronymic, "identity".about, "identity".image_id FROM "identity" WHERE "identity".email = 'admin@gmail.com'
2026-06-18 11:39:02.934 [DefaultDispatcher-worker-3 @request#21] DEBUG Exposed - SELECT project.id, project."name", project.description, project.course_id, project.task_id, project.created_at FROM project WHERE project.id = '5ed8a73a-f45d-46b6-8364-cc529cc4afac'
2026-06-18 11:39:02.937 [DefaultDispatcher-worker-3 @request#21] DEBUG Exposed - SELECT course.id, course."name", course.description, course.created_at FROM course WHERE course.id = '2a1c3ed6-fa94-4304-89c5-6bd41e48dbd2'
2026-06-18 11:39:02.940 [DefaultDispatcher-worker-3 @request#21] DEBUG Exposed - DELETE FROM project WHERE project.id = '5ed8a73a-f45d-46b6-8364-cc529cc4afac'
2026-06-18 11:39:02.952 [DefaultDispatcher-worker-5 @request#22] DEBUG Exposed - SELECT "identity".id, "identity".authority, "identity".email, "identity"."password", "identity".status, "identity".firstname, "identity".lastname, "identity".patronymic, "identity".about, "identity".image_id FROM "identity" WHERE "identity".email = 'admin@gmail.com'
2026-06-18 11:39:03.008 [DefaultDispatcher-worker-5 @request#22] DEBUG Exposed - SELECT course.id, course."name", course.description, course.created_at FROM course WHERE course.id = '2a1c3ed6-fa94-4304-89c5-6bd41e48dbd2'
2026-06-18 11:39:03.011 [DefaultDispatcher-worker-5 @request#22] DEBUG Exposed - SELECT "identity".id, "identity".authority, "identity".email, "identity"."password", "identity".status, "identity".firstname, "identity".lastname, "identity".patronymic, "identity".about, "identity".image_id, identity_course.identity_id, identity_course.course_id FROM "identity" INNER JOIN identity_course ON identity_course.identity_id = "identity".id WHERE identity_course.course_id = '2a1c3ed6-fa94-4304-89c5-6bd41e48dbd2'
2026-06-18 11:39:03.013 [DefaultDispatcher-worker-5 @request#22] DEBUG Exposed - SELECT project.id, project."name", project.description, project.course_id, project.task_id, project.created_at FROM project WHERE project.course_id = '2a1c3ed6-fa94-4304-89c5-6bd41e48dbd2'
2026-06-18 11:39:03.015 [DefaultDispatcher-worker-5 @request#22] DEBUG Exposed - DELETE FROM course WHERE course.id = '2a1c3ed6-fa94-4304-89c5-6bd41e48dbd2'
2026-06-18 11:39:03.017 [DefaultDispatcher-worker-5 @request#22] DEBUG Exposed - SELECT "identity".id, "identity".authority, "identity".email, "identity"."password", "identity".status, "identity".firstname, "identity".lastname, "identity".patronymic, "identity".about, "identity".image_id, identity_course.identity_id, identity_course.course_id FROM "identity" INNER JOIN identity_course ON "identity".id = identity_course.identity_id WHERE identity_course.course_id = '2a1c3ed6-fa94-4304-89c5-6bd41e48dbd2' LIMIT 1
2026-06-18 11:39:03.020 [DefaultDispatcher-worker-5 @request#22] DEBUG Exposed - SELECT project.id, project."name", project.description, project.course_id, project.task_id, project.created_at FROM project WHERE project.course_id = '2a1c3ed6-fa94-4304-89c5-6bd41e48dbd2' LIMIT 1
2026-06-18 11:39:03.029 [DefaultDispatcher-worker-5 @request#23] DEBUG Exposed - SELECT "identity".id, "identity".authority, "identity".email, "identity"."password", "identity".status, "identity".firstname, "identity".lastname, "identity".patronymic, "identity".about, "identity".image_id FROM "identity" WHERE "identity".id = 'b0686182-502f-46ac-8ce4-7b913735c015'
2026-06-18 11:39:03.033 [DefaultDispatcher-worker-5 @request#23] DEBUG Exposed - SELECT "identity".id, "identity".authority, "identity".email, "identity"."password", "identity".status, "identity".firstname, "identity".lastname, "identity".patronymic, "identity".about, "identity".image_id FROM "identity" WHERE "identity".id = 'b0686182-502f-46ac-8ce4-7b913735c015'
2026-06-18 11:39:03.035 [DefaultDispatcher-worker-5 @request#23] DEBUG Exposed - SELECT course.id, course."name", course.description, course.created_at, identity_course.identity_id, identity_course.course_id FROM course INNER JOIN identity_course ON identity_course.course_id = course.id WHERE identity_course.identity_id = 'b0686182-502f-46ac-8ce4-7b913735c015'
2026-06-18 11:39:03.037 [DefaultDispatcher-worker-5 @request#23] DEBUG Exposed - SELECT file.id, file."name", file.content_type, file."data", identity_file.identity_id, identity_file.file_id FROM file INNER JOIN identity_file ON identity_file.file_id = file.id WHERE identity_file.identity_id = 'b0686182-502f-46ac-8ce4-7b913735c015'
2026-06-18 11:39:03.038 [DefaultDispatcher-worker-5 @request#23] DEBUG Exposed - DELETE FROM "identity" WHERE "identity".id = 'b0686182-502f-46ac-8ce4-7b913735c015'
2026-06-18 11:39:03.041 [DefaultDispatcher-worker-5 @request#23] DEBUG Exposed - SELECT course.id, course."name", course.description, course.created_at, identity_course.course_id, identity_course.identity_id FROM course INNER JOIN identity_course ON course.id = identity_course.course_id WHERE identity_course.identity_id = 'b0686182-502f-46ac-8ce4-7b913735c015' LIMIT 1
]]></system-out>
  <system-err><![CDATA[]]></system-err>
</testsuite>
