<?xml version="1.0" encoding="UTF-8"?>
<testsuite name="org.burgas.router.CourseRouterTest" tests="1" skipped="0" failures="0" errors="0" timestamp="2026-06-17T13:06:25.364Z" hostname="DESKTOP-UHR6HTI" time="2.318">
  <properties/>
  <testcase name="course router test" classname="org.burgas.router.CourseRouterTest" time="2.313"/>
  <system-out><![CDATA[2026-06-17 20:06:26.118 [DefaultDispatcher-worker-2 @call-context#4] INFO  io.ktor.test - No ktor.deployment.watch patterns specified, automatic reload is not active.
2026-06-17 20:06:26.217 [DefaultDispatcher-worker-2 @coroutine#5] INFO  com.zaxxer.hikari.HikariDataSource - HikariPool-1 - Starting...
2026-06-17 20:06:26.360 [DefaultDispatcher-worker-2 @coroutine#5] INFO  com.zaxxer.hikari.pool.HikariPool - HikariPool-1 - Added connection org.postgresql.jdbc.PgConnection@4104c53e
2026-06-17 20:06:26.361 [DefaultDispatcher-worker-2 @coroutine#5] INFO  com.zaxxer.hikari.HikariDataSource - HikariPool-1 - Start completed.
2026-06-17 20:06:26.750 [DefaultDispatcher-worker-2 @call-context#4] INFO  io.ktor.test - Application started in 0.646 seconds.
2026-06-17 20:06:26.753 [DefaultDispatcher-worker-1 @coroutine#6] INFO  io.ktor.test - Responding at http://localhost:80
2026-06-17 20:06:26.753 [DefaultDispatcher-worker-1 @coroutine#6] INFO  io.ktor.test - Responding at https://localhost:443
2026-06-17 20:06:26.976 [DefaultDispatcher-worker-2 @request#13] DEBUG Exposed - INSERT INTO "identity" (id, authority, email, "password", firstname, lastname, patronymic, about, status) VALUES ('0896377c-e8f6-4fec-9809-e2103cccae82', 'ADMIN', 'admin@gmail.com', '$2a$10$ka859zC4ln08lO3tsU/OM.6CEYGSd.vSnS/UGVnw7kWjICctZP8bG', 'Admin', 'Admin', 'Admin', 'About Admin', TRUE)
2026-06-17 20:06:27.045 [DefaultDispatcher-worker-2 @request#13] DEBUG Exposed - SELECT course.id, course."name", course.description, course.created_at, identity_course.identity_id, identity_course.course_id FROM course INNER JOIN identity_course ON identity_course.course_id = course.id WHERE identity_course.identity_id = '0896377c-e8f6-4fec-9809-e2103cccae82'
2026-06-17 20:06:27.051 [DefaultDispatcher-worker-2 @request#13] DEBUG Exposed - SELECT file.id, file."name", file.content_type, file."data", identity_file.identity_id, identity_file.file_id FROM file INNER JOIN identity_file ON identity_file.file_id = file.id WHERE identity_file.identity_id = '0896377c-e8f6-4fec-9809-e2103cccae82'
2026-06-17 20:06:27.133 [DefaultDispatcher-worker-2 @request#14] DEBUG Exposed - SELECT "identity".id, "identity".authority, "identity".email, "identity"."password", "identity".status, "identity".firstname, "identity".lastname, "identity".patronymic, "identity".about, "identity".image_id FROM "identity" WHERE "identity".email = 'admin@gmail.com'
2026-06-17 20:06:27.197 [DefaultDispatcher-worker-2] DEBUG Exposed - SELECT "identity".id, "identity".authority, "identity".email, "identity"."password", "identity".status, "identity".firstname, "identity".lastname, "identity".patronymic, "identity".about, "identity".image_id FROM "identity" WHERE "identity".email = 'admin@gmail.com'
2026-06-17 20:06:27.208 [DefaultDispatcher-worker-2 @request#18] DEBUG Exposed - SELECT "identity".id, "identity".authority, "identity".email, "identity"."password", "identity".status, "identity".firstname, "identity".lastname, "identity".patronymic, "identity".about, "identity".image_id FROM "identity" WHERE "identity".email = 'admin@gmail.com'
2026-06-17 20:06:27.289 [DefaultDispatcher-worker-2 @request#18] DEBUG Exposed - INSERT INTO course (id, "name", description, created_at) VALUES ('c7d0222f-69f8-47e7-8bf3-4662466f5dc9', 'Test Course', 'About Test Course', '2026-06-17')
2026-06-17 20:06:27.301 [DefaultDispatcher-worker-2 @request#18] DEBUG Exposed - SELECT "identity".id, "identity".authority, "identity".email, "identity"."password", "identity".status, "identity".firstname, "identity".lastname, "identity".patronymic, "identity".about, "identity".image_id, identity_course.identity_id, identity_course.course_id FROM "identity" INNER JOIN identity_course ON identity_course.identity_id = "identity".id WHERE identity_course.course_id = 'c7d0222f-69f8-47e7-8bf3-4662466f5dc9'
2026-06-17 20:06:27.304 [DefaultDispatcher-worker-2 @request#18] DEBUG Exposed - SELECT project.id, project."name", project.description, project.course_id, project.task_id, project.created_at FROM project WHERE project.course_id = 'c7d0222f-69f8-47e7-8bf3-4662466f5dc9'
2026-06-17 20:06:27.389 [DefaultDispatcher-worker-2] DEBUG Exposed - SELECT course.id, course."name", course.description, course.created_at FROM course WHERE course."name" = 'Test Course'
2026-06-17 20:06:27.397 [DefaultDispatcher-worker-2 @request#19] DEBUG Exposed - SELECT "identity".id, "identity".authority, "identity".email, "identity"."password", "identity".status, "identity".firstname, "identity".lastname, "identity".patronymic, "identity".about, "identity".image_id FROM "identity" WHERE "identity".email = 'admin@gmail.com'
2026-06-17 20:06:27.456 [DefaultDispatcher-worker-2 @request#19] DEBUG Exposed - SELECT course.id, course."name", course.description, course.created_at FROM course WHERE course.id = 'c7d0222f-69f8-47e7-8bf3-4662466f5dc9' FOR UPDATE
2026-06-17 20:06:27.459 [DefaultDispatcher-worker-2 @request#19] DEBUG Exposed - SELECT "identity".id, "identity".authority, "identity".email, "identity"."password", "identity".status, "identity".firstname, "identity".lastname, "identity".patronymic, "identity".about, "identity".image_id, identity_course.identity_id, identity_course.course_id FROM "identity" INNER JOIN identity_course ON identity_course.identity_id = "identity".id WHERE identity_course.course_id = 'c7d0222f-69f8-47e7-8bf3-4662466f5dc9'
2026-06-17 20:06:27.461 [DefaultDispatcher-worker-2 @request#19] DEBUG Exposed - SELECT project.id, project."name", project.description, project.course_id, project.task_id, project.created_at FROM project WHERE project.course_id = 'c7d0222f-69f8-47e7-8bf3-4662466f5dc9'
2026-06-17 20:06:27.469 [DefaultDispatcher-worker-2 @request#19] DEBUG Exposed - UPDATE course SET "name"='New Test Course' WHERE id = 'c7d0222f-69f8-47e7-8bf3-4662466f5dc9'
2026-06-17 20:06:27.479 [DefaultDispatcher-worker-3 @request#20] DEBUG Exposed - SELECT course.id, course."name", course.description, course.created_at FROM course
2026-06-17 20:06:27.481 [DefaultDispatcher-worker-3 @request#20] DEBUG Exposed - SELECT "identity".id, "identity".authority, "identity".email, "identity"."password", "identity".status, "identity".firstname, "identity".lastname, "identity".patronymic, "identity".about, "identity".image_id, identity_course.identity_id, identity_course.course_id FROM "identity" INNER JOIN identity_course ON identity_course.identity_id = "identity".id WHERE identity_course.course_id = 'c7d0222f-69f8-47e7-8bf3-4662466f5dc9'
2026-06-17 20:06:27.483 [DefaultDispatcher-worker-3 @request#20] DEBUG Exposed - SELECT project.id, project."name", project.description, project.course_id, project.task_id, project.created_at FROM project WHERE project.course_id = 'c7d0222f-69f8-47e7-8bf3-4662466f5dc9'
2026-06-17 20:06:27.502 [DefaultDispatcher-worker-6 @request#28] DEBUG Exposed - SELECT "identity".id, "identity".authority, "identity".email, "identity"."password", "identity".status, "identity".firstname, "identity".lastname, "identity".patronymic, "identity".about, "identity".image_id FROM "identity" WHERE "identity".id = '0896377c-e8f6-4fec-9809-e2103cccae82'
2026-06-17 20:06:27.506 [DefaultDispatcher-worker-6 @request#28] DEBUG Exposed - SELECT course.id, course."name", course.description, course.created_at FROM course WHERE course.id = 'c7d0222f-69f8-47e7-8bf3-4662466f5dc9'
2026-06-17 20:06:27.509 [DefaultDispatcher-worker-6 @request#28] DEBUG Exposed - SELECT "identity".id, "identity".authority, "identity".email, "identity"."password", "identity".status, "identity".firstname, "identity".lastname, "identity".patronymic, "identity".about, "identity".image_id, identity_course.identity_id, identity_course.course_id FROM "identity" INNER JOIN identity_course ON identity_course.identity_id = "identity".id WHERE identity_course.course_id = 'c7d0222f-69f8-47e7-8bf3-4662466f5dc9'
2026-06-17 20:06:27.511 [DefaultDispatcher-worker-6 @request#28] DEBUG Exposed - SELECT project.id, project."name", project.description, project.course_id, project.task_id, project.created_at FROM project WHERE project.course_id = 'c7d0222f-69f8-47e7-8bf3-4662466f5dc9'
2026-06-17 20:06:27.513 [DefaultDispatcher-worker-6 @request#28] DEBUG Exposed - SELECT "identity".id, "identity".authority, "identity".email, "identity"."password", "identity".status, "identity".firstname, "identity".lastname, "identity".patronymic, "identity".about, "identity".image_id FROM "identity" WHERE "identity".id = '0896377c-e8f6-4fec-9809-e2103cccae82'
2026-06-17 20:06:27.516 [DefaultDispatcher-worker-6 @request#28] DEBUG Exposed - SELECT course.id, course."name", course.description, course.created_at, identity_course.identity_id, identity_course.course_id FROM course INNER JOIN identity_course ON identity_course.course_id = course.id WHERE identity_course.identity_id = '0896377c-e8f6-4fec-9809-e2103cccae82'
2026-06-17 20:06:27.518 [DefaultDispatcher-worker-6 @request#28] DEBUG Exposed - SELECT file.id, file."name", file.content_type, file."data", identity_file.identity_id, identity_file.file_id FROM file INNER JOIN identity_file ON identity_file.file_id = file.id WHERE identity_file.identity_id = '0896377c-e8f6-4fec-9809-e2103cccae82'
2026-06-17 20:06:27.521 [DefaultDispatcher-worker-6 @request#28] DEBUG Exposed - DELETE FROM identity_course WHERE (identity_course.course_id = 'c7d0222f-69f8-47e7-8bf3-4662466f5dc9') AND (identity_course.identity_id != '0896377c-e8f6-4fec-9809-e2103cccae82')
2026-06-17 20:06:27.523 [DefaultDispatcher-worker-6 @request#28] DEBUG Exposed - INSERT INTO identity_course (course_id, identity_id) VALUES ('c7d0222f-69f8-47e7-8bf3-4662466f5dc9', '0896377c-e8f6-4fec-9809-e2103cccae82')
2026-06-17 20:06:27.527 [DefaultDispatcher-worker-6 @request#28] DEBUG Exposed - SELECT "identity".id, "identity".authority, "identity".email, "identity"."password", "identity".status, "identity".firstname, "identity".lastname, "identity".patronymic, "identity".about, "identity".image_id, identity_course.identity_id, identity_course.course_id FROM "identity" INNER JOIN identity_course ON "identity".id = identity_course.identity_id WHERE identity_course.course_id = 'c7d0222f-69f8-47e7-8bf3-4662466f5dc9' LIMIT 1
2026-06-17 20:06:27.528 [DefaultDispatcher-worker-6 @request#28] DEBUG Exposed - SELECT "identity".id, "identity".authority, "identity".email, "identity"."password", "identity".status, "identity".firstname, "identity".lastname, "identity".patronymic, "identity".about, "identity".image_id, identity_course.identity_id, identity_course.course_id FROM "identity" INNER JOIN identity_course ON "identity".id = identity_course.identity_id WHERE identity_course.course_id = 'c7d0222f-69f8-47e7-8bf3-4662466f5dc9'
2026-06-17 20:06:27.533 [DefaultDispatcher-worker-6 @request#28] DEBUG Exposed - SELECT course.id, course."name", course.description, course.created_at, identity_course.course_id, identity_course.identity_id FROM course INNER JOIN identity_course ON course.id = identity_course.course_id WHERE identity_course.identity_id = '0896377c-e8f6-4fec-9809-e2103cccae82' LIMIT 1
2026-06-17 20:06:27.535 [DefaultDispatcher-worker-6 @request#28] DEBUG Exposed - SELECT course.id, course."name", course.description, course.created_at, identity_course.course_id, identity_course.identity_id FROM course INNER JOIN identity_course ON course.id = identity_course.course_id WHERE identity_course.identity_id = '0896377c-e8f6-4fec-9809-e2103cccae82'
2026-06-17 20:06:27.547 [DefaultDispatcher-worker-6 @request#29] DEBUG Exposed - SELECT "identity".id, "identity".authority, "identity".email, "identity"."password", "identity".status, "identity".firstname, "identity".lastname, "identity".patronymic, "identity".about, "identity".image_id FROM "identity" WHERE "identity".id = '0896377c-e8f6-4fec-9809-e2103cccae82'
2026-06-17 20:06:27.550 [DefaultDispatcher-worker-6 @request#29] DEBUG Exposed - SELECT course.id, course."name", course.description, course.created_at FROM course WHERE course.id = 'c7d0222f-69f8-47e7-8bf3-4662466f5dc9'
2026-06-17 20:06:27.553 [DefaultDispatcher-worker-6 @request#29] DEBUG Exposed - SELECT "identity".id, "identity".authority, "identity".email, "identity"."password", "identity".status, "identity".firstname, "identity".lastname, "identity".patronymic, "identity".about, "identity".image_id, identity_course.identity_id, identity_course.course_id FROM "identity" INNER JOIN identity_course ON identity_course.identity_id = "identity".id WHERE identity_course.course_id = 'c7d0222f-69f8-47e7-8bf3-4662466f5dc9'
2026-06-17 20:06:27.555 [DefaultDispatcher-worker-6 @request#29] DEBUG Exposed - SELECT project.id, project."name", project.description, project.course_id, project.task_id, project.created_at FROM project WHERE project.course_id = 'c7d0222f-69f8-47e7-8bf3-4662466f5dc9'
2026-06-17 20:06:27.557 [DefaultDispatcher-worker-6 @request#29] DEBUG Exposed - SELECT course.id, course."name", course.description, course.created_at, identity_course.identity_id, identity_course.course_id FROM course INNER JOIN identity_course ON identity_course.course_id = course.id WHERE identity_course.identity_id = '0896377c-e8f6-4fec-9809-e2103cccae82'
2026-06-17 20:06:27.559 [DefaultDispatcher-worker-6 @request#29] DEBUG Exposed - SELECT file.id, file."name", file.content_type, file."data", identity_file.identity_id, identity_file.file_id FROM file INNER JOIN identity_file ON identity_file.file_id = file.id WHERE identity_file.identity_id = '0896377c-e8f6-4fec-9809-e2103cccae82'
2026-06-17 20:06:27.562 [DefaultDispatcher-worker-6 @request#29] DEBUG Exposed - DELETE FROM identity_course WHERE (identity_course.course_id = 'c7d0222f-69f8-47e7-8bf3-4662466f5dc9') AND (TRUE)
2026-06-17 20:06:27.565 [DefaultDispatcher-worker-6 @request#29] DEBUG Exposed - SELECT "identity".id, "identity".authority, "identity".email, "identity"."password", "identity".status, "identity".firstname, "identity".lastname, "identity".patronymic, "identity".about, "identity".image_id, identity_course.identity_id, identity_course.course_id FROM "identity" INNER JOIN identity_course ON "identity".id = identity_course.identity_id WHERE identity_course.course_id = 'c7d0222f-69f8-47e7-8bf3-4662466f5dc9' LIMIT 1
2026-06-17 20:06:27.567 [DefaultDispatcher-worker-6 @request#29] DEBUG Exposed - SELECT course.id, course."name", course.description, course.created_at, identity_course.course_id, identity_course.identity_id FROM course INNER JOIN identity_course ON course.id = identity_course.course_id WHERE identity_course.identity_id = '0896377c-e8f6-4fec-9809-e2103cccae82' LIMIT 1
2026-06-17 20:06:27.577 [DefaultDispatcher-worker-6 @request#30] DEBUG Exposed - SELECT "identity".id, "identity".authority, "identity".email, "identity"."password", "identity".status, "identity".firstname, "identity".lastname, "identity".patronymic, "identity".about, "identity".image_id FROM "identity" WHERE "identity".email = 'admin@gmail.com'
2026-06-17 20:06:27.634 [DefaultDispatcher-worker-6 @request#30] DEBUG Exposed - SELECT course.id, course."name", course.description, course.created_at FROM course WHERE course.id = 'c7d0222f-69f8-47e7-8bf3-4662466f5dc9'
2026-06-17 20:06:27.636 [DefaultDispatcher-worker-6 @request#30] DEBUG Exposed - SELECT "identity".id, "identity".authority, "identity".email, "identity"."password", "identity".status, "identity".firstname, "identity".lastname, "identity".patronymic, "identity".about, "identity".image_id, identity_course.identity_id, identity_course.course_id FROM "identity" INNER JOIN identity_course ON identity_course.identity_id = "identity".id WHERE identity_course.course_id = 'c7d0222f-69f8-47e7-8bf3-4662466f5dc9'
2026-06-17 20:06:27.638 [DefaultDispatcher-worker-6 @request#30] DEBUG Exposed - SELECT project.id, project."name", project.description, project.course_id, project.task_id, project.created_at FROM project WHERE project.course_id = 'c7d0222f-69f8-47e7-8bf3-4662466f5dc9'
2026-06-17 20:06:27.640 [DefaultDispatcher-worker-6 @request#30] DEBUG Exposed - DELETE FROM course WHERE course.id = 'c7d0222f-69f8-47e7-8bf3-4662466f5dc9'
2026-06-17 20:06:27.642 [DefaultDispatcher-worker-6 @request#30] DEBUG Exposed - SELECT "identity".id, "identity".authority, "identity".email, "identity"."password", "identity".status, "identity".firstname, "identity".lastname, "identity".patronymic, "identity".about, "identity".image_id, identity_course.identity_id, identity_course.course_id FROM "identity" INNER JOIN identity_course ON "identity".id = identity_course.identity_id WHERE identity_course.course_id = 'c7d0222f-69f8-47e7-8bf3-4662466f5dc9' LIMIT 1
2026-06-17 20:06:27.644 [DefaultDispatcher-worker-6 @request#30] DEBUG Exposed - SELECT project.id, project."name", project.description, project.course_id, project.task_id, project.created_at FROM project WHERE project.course_id = 'c7d0222f-69f8-47e7-8bf3-4662466f5dc9' LIMIT 1
2026-06-17 20:06:27.654 [DefaultDispatcher-worker-5 @request#31] DEBUG Exposed - SELECT "identity".id, "identity".authority, "identity".email, "identity"."password", "identity".status, "identity".firstname, "identity".lastname, "identity".patronymic, "identity".about, "identity".image_id FROM "identity" WHERE "identity".id = '0896377c-e8f6-4fec-9809-e2103cccae82'
2026-06-17 20:06:27.657 [DefaultDispatcher-worker-5 @request#31] DEBUG Exposed - SELECT "identity".id, "identity".authority, "identity".email, "identity"."password", "identity".status, "identity".firstname, "identity".lastname, "identity".patronymic, "identity".about, "identity".image_id FROM "identity" WHERE "identity".id = '0896377c-e8f6-4fec-9809-e2103cccae82'
2026-06-17 20:06:27.659 [DefaultDispatcher-worker-5 @request#31] DEBUG Exposed - SELECT course.id, course."name", course.description, course.created_at, identity_course.identity_id, identity_course.course_id FROM course INNER JOIN identity_course ON identity_course.course_id = course.id WHERE identity_course.identity_id = '0896377c-e8f6-4fec-9809-e2103cccae82'
2026-06-17 20:06:27.661 [DefaultDispatcher-worker-5 @request#31] DEBUG Exposed - SELECT file.id, file."name", file.content_type, file."data", identity_file.identity_id, identity_file.file_id FROM file INNER JOIN identity_file ON identity_file.file_id = file.id WHERE identity_file.identity_id = '0896377c-e8f6-4fec-9809-e2103cccae82'
2026-06-17 20:06:27.663 [DefaultDispatcher-worker-5 @request#31] DEBUG Exposed - DELETE FROM "identity" WHERE "identity".id = '0896377c-e8f6-4fec-9809-e2103cccae82'
2026-06-17 20:06:27.665 [DefaultDispatcher-worker-5 @request#31] DEBUG Exposed - SELECT course.id, course."name", course.description, course.created_at, identity_course.course_id, identity_course.identity_id FROM course INNER JOIN identity_course ON course.id = identity_course.course_id WHERE identity_course.identity_id = '0896377c-e8f6-4fec-9809-e2103cccae82' LIMIT 1
]]></system-out>
  <system-err><![CDATA[]]></system-err>
</testsuite>
