<?xml version="1.0" encoding="UTF-8"?>
<testsuite name="org.burgas.router.IdentityRouterTest" tests="1" skipped="0" failures="0" errors="0" timestamp="2026-06-17T10:05:19.810Z" hostname="DESKTOP-UHR6HTI" time="1.963">
  <properties/>
  <testcase name="identity router tests" classname="org.burgas.router.IdentityRouterTest" time="1.958"/>
  <system-out><![CDATA[2026-06-17 17:05:20.558 [DefaultDispatcher-worker-2 @call-context#4] INFO  io.ktor.test - No ktor.deployment.watch patterns specified, automatic reload is not active.
2026-06-17 17:05:20.659 [DefaultDispatcher-worker-2 @coroutine#5] INFO  com.zaxxer.hikari.HikariDataSource - HikariPool-1 - Starting...
2026-06-17 17:05:20.798 [DefaultDispatcher-worker-2 @coroutine#5] INFO  com.zaxxer.hikari.pool.HikariPool - HikariPool-1 - Added connection org.postgresql.jdbc.PgConnection@5addb47d
2026-06-17 17:05:20.800 [DefaultDispatcher-worker-2 @coroutine#5] INFO  com.zaxxer.hikari.HikariDataSource - HikariPool-1 - Start completed.
2026-06-17 17:05:21.185 [DefaultDispatcher-worker-2 @call-context#4] INFO  io.ktor.test - Application started in 0.641 seconds.
2026-06-17 17:05:21.187 [DefaultDispatcher-worker-1 @coroutine#6] INFO  io.ktor.test - Responding at http://localhost:80
2026-06-17 17:05:21.187 [DefaultDispatcher-worker-1 @coroutine#6] INFO  io.ktor.test - Responding at https://localhost:443
2026-06-17 17:05:21.411 [DefaultDispatcher-worker-2 @request#13] DEBUG Exposed - INSERT INTO "identity" (id, authority, email, "password", firstname, lastname, patronymic, about, status) VALUES ('cab2f076-7f52-4f2d-9fbe-5dbac927c51f', 'ADMIN', 'admin@gmail.com', '$2a$10$CvIwN52vNIS6nJ95Oa1DvOxIdyyXUMz6FZWANO4Pyo0wRHnVFDEaS', 'Admin', 'Admin', 'Admin', 'About Admin', TRUE)
2026-06-17 17:05:21.483 [DefaultDispatcher-worker-2 @request#13] DEBUG Exposed - SELECT course.id, course."name", course.description, course.created_at, identity_course.identity_id, identity_course.course_id FROM course INNER JOIN identity_course ON identity_course.course_id = course.id WHERE identity_course.identity_id = 'cab2f076-7f52-4f2d-9fbe-5dbac927c51f'
2026-06-17 17:05:21.489 [DefaultDispatcher-worker-2 @request#13] DEBUG Exposed - SELECT file.id, file."name", file.content_type, file."data", identity_file.identity_id, identity_file.file_id FROM file INNER JOIN identity_file ON identity_file.file_id = file.id WHERE identity_file.identity_id = 'cab2f076-7f52-4f2d-9fbe-5dbac927c51f'
2026-06-17 17:05:21.559 [DefaultDispatcher-worker-6 @request#14] DEBUG Exposed - SELECT "identity".id, "identity".authority, "identity".email, "identity"."password", "identity".status, "identity".firstname, "identity".lastname, "identity".patronymic, "identity".about, "identity".image_id FROM "identity" WHERE "identity".email = 'admin@gmail.com'
2026-06-17 17:05:21.622 [DefaultDispatcher-worker-6] DEBUG Exposed - SELECT "identity".id, "identity".authority, "identity".email, "identity"."password", "identity".status, "identity".firstname, "identity".lastname, "identity".patronymic, "identity".about, "identity".image_id FROM "identity" WHERE "identity".email = 'admin@gmail.com'
2026-06-17 17:05:21.629 [DefaultDispatcher-worker-6 @request#18] DEBUG Exposed - SELECT "identity".id, "identity".authority, "identity".email, "identity"."password", "identity".status, "identity".firstname, "identity".lastname, "identity".patronymic, "identity".about, "identity".image_id FROM "identity" WHERE "identity".id = 'cab2f076-7f52-4f2d-9fbe-5dbac927c51f'
2026-06-17 17:05:21.636 [DefaultDispatcher-worker-6 @request#18] DEBUG Exposed - SELECT "identity".id, "identity".authority, "identity".email, "identity"."password", "identity".status, "identity".firstname, "identity".lastname, "identity".patronymic, "identity".about, "identity".image_id FROM "identity" WHERE "identity".id = 'cab2f076-7f52-4f2d-9fbe-5dbac927c51f' FOR UPDATE
2026-06-17 17:05:21.639 [DefaultDispatcher-worker-6 @request#18] DEBUG Exposed - SELECT course.id, course."name", course.description, course.created_at, identity_course.identity_id, identity_course.course_id FROM course INNER JOIN identity_course ON identity_course.course_id = course.id WHERE identity_course.identity_id = 'cab2f076-7f52-4f2d-9fbe-5dbac927c51f'
2026-06-17 17:05:21.641 [DefaultDispatcher-worker-6 @request#18] DEBUG Exposed - SELECT file.id, file."name", file.content_type, file."data", identity_file.identity_id, identity_file.file_id FROM file INNER JOIN identity_file ON identity_file.file_id = file.id WHERE identity_file.identity_id = 'cab2f076-7f52-4f2d-9fbe-5dbac927c51f'
2026-06-17 17:05:21.649 [DefaultDispatcher-worker-6 @request#18] DEBUG Exposed - UPDATE "identity" SET about='About Admin Account' WHERE id = 'cab2f076-7f52-4f2d-9fbe-5dbac927c51f'
2026-06-17 17:05:21.660 [DefaultDispatcher-worker-6 @request#19] DEBUG Exposed - SELECT "identity".id, "identity".authority, "identity".email, "identity"."password", "identity".status, "identity".firstname, "identity".lastname, "identity".patronymic, "identity".about, "identity".image_id FROM "identity" WHERE "identity".email = 'admin@gmail.com'
2026-06-17 17:05:21.718 [DefaultDispatcher-worker-6 @request#19] DEBUG Exposed - SELECT "identity".id, "identity".authority, "identity".email, "identity"."password", "identity".status, "identity".firstname, "identity".lastname, "identity".patronymic, "identity".about, "identity".image_id FROM "identity"
2026-06-17 17:05:21.720 [DefaultDispatcher-worker-6 @request#19] DEBUG Exposed - SELECT course.id, course."name", course.description, course.created_at, identity_course.identity_id, identity_course.course_id FROM course INNER JOIN identity_course ON identity_course.course_id = course.id WHERE identity_course.identity_id IN ('e2385462-0674-47c3-96c0-c5666526c76f', 'cab2f076-7f52-4f2d-9fbe-5dbac927c51f')
2026-06-17 17:05:21.722 [DefaultDispatcher-worker-6 @request#19] DEBUG Exposed - SELECT file.id, file."name", file.content_type, file."data", identity_file.identity_id, identity_file.file_id FROM file INNER JOIN identity_file ON identity_file.file_id = file.id WHERE identity_file.identity_id IN ('e2385462-0674-47c3-96c0-c5666526c76f', 'cab2f076-7f52-4f2d-9fbe-5dbac927c51f')
2026-06-17 17:05:21.734 [DefaultDispatcher-worker-6 @request#23] DEBUG Exposed - SELECT "identity".id, "identity".authority, "identity".email, "identity"."password", "identity".status, "identity".firstname, "identity".lastname, "identity".patronymic, "identity".about, "identity".image_id FROM "identity" WHERE "identity".id = 'cab2f076-7f52-4f2d-9fbe-5dbac927c51f'
2026-06-17 17:05:21.743 [DefaultDispatcher-worker-6 @request#27] DEBUG Exposed - SELECT "identity".id, "identity".authority, "identity".email, "identity"."password", "identity".status, "identity".firstname, "identity".lastname, "identity".patronymic, "identity".about, "identity".image_id FROM "identity" WHERE "identity".id = 'cab2f076-7f52-4f2d-9fbe-5dbac927c51f'
2026-06-17 17:05:21.748 [DefaultDispatcher-worker-6 @request#27] DEBUG Exposed - SELECT "identity".id, "identity".authority, "identity".email, "identity"."password", "identity".status, "identity".firstname, "identity".lastname, "identity".patronymic, "identity".about, "identity".image_id FROM "identity" WHERE "identity".id = 'cab2f076-7f52-4f2d-9fbe-5dbac927c51f'
2026-06-17 17:05:21.750 [DefaultDispatcher-worker-6 @request#27] DEBUG Exposed - SELECT course.id, course."name", course.description, course.created_at, identity_course.identity_id, identity_course.course_id FROM course INNER JOIN identity_course ON identity_course.course_id = course.id WHERE identity_course.identity_id = 'cab2f076-7f52-4f2d-9fbe-5dbac927c51f'
2026-06-17 17:05:21.752 [DefaultDispatcher-worker-6 @request#27] DEBUG Exposed - SELECT file.id, file."name", file.content_type, file."data", identity_file.identity_id, identity_file.file_id FROM file INNER JOIN identity_file ON identity_file.file_id = file.id WHERE identity_file.identity_id = 'cab2f076-7f52-4f2d-9fbe-5dbac927c51f'
2026-06-17 17:05:21.755 [DefaultDispatcher-worker-6 @request#27] DEBUG Exposed - DELETE FROM "identity" WHERE "identity".id = 'cab2f076-7f52-4f2d-9fbe-5dbac927c51f'
2026-06-17 17:05:21.758 [DefaultDispatcher-worker-6 @request#27] DEBUG Exposed - SELECT course.id, course."name", course.description, course.created_at, identity_course.course_id, identity_course.identity_id FROM course INNER JOIN identity_course ON course.id = identity_course.course_id WHERE identity_course.identity_id = 'cab2f076-7f52-4f2d-9fbe-5dbac927c51f' LIMIT 1
]]></system-out>
  <system-err><![CDATA[]]></system-err>
</testsuite>
