<?xml version="1.0" encoding="UTF-8"?>
<testsuite name="org.burgas.router.IdentityRouterTest" tests="1" skipped="0" failures="0" errors="0" timestamp="2026-06-17T13:36:45.371Z" hostname="DESKTOP-UHR6HTI" time="2.129">
  <properties/>
  <testcase name="identity router tests" classname="org.burgas.router.IdentityRouterTest" time="2.124"/>
  <system-out><![CDATA[2026-06-17 20:36:46.119 [DefaultDispatcher-worker-2 @call-context#4] INFO  io.ktor.test - No ktor.deployment.watch patterns specified, automatic reload is not active.
2026-06-17 20:36:46.219 [DefaultDispatcher-worker-2 @coroutine#5] INFO  com.zaxxer.hikari.HikariDataSource - HikariPool-1 - Starting...
2026-06-17 20:36:46.360 [DefaultDispatcher-worker-2 @coroutine#5] INFO  com.zaxxer.hikari.pool.HikariPool - HikariPool-1 - Added connection org.postgresql.jdbc.PgConnection@30fb05fa
2026-06-17 20:36:46.361 [DefaultDispatcher-worker-2 @coroutine#5] INFO  com.zaxxer.hikari.HikariDataSource - HikariPool-1 - Start completed.
2026-06-17 20:36:46.753 [DefaultDispatcher-worker-2 @call-context#4] INFO  io.ktor.test - Application started in 0.647 seconds.
2026-06-17 20:36:46.756 [DefaultDispatcher-worker-1 @coroutine#6] INFO  io.ktor.test - Responding at http://localhost:80
2026-06-17 20:36:46.756 [DefaultDispatcher-worker-1 @coroutine#6] INFO  io.ktor.test - Responding at https://localhost:443
2026-06-17 20:36:46.981 [DefaultDispatcher-worker-3 @request#13] DEBUG Exposed - INSERT INTO "identity" (id, authority, email, "password", firstname, lastname, patronymic, about, status) VALUES ('03e044f4-ad41-4179-a861-e52cf11a2380', 'ADMIN', 'admin@gmail.com', '$2a$10$L.F9Yb.d6idThVsUUvvC9ujmOhfvlvNZtOmjIfRsHkuHHzIznZdwm', 'Admin', 'Admin', 'Admin', 'About Admin', TRUE)
2026-06-17 20:36:47.060 [DefaultDispatcher-worker-3 @request#13] DEBUG Exposed - SELECT course.id, course."name", course.description, course.created_at, identity_course.identity_id, identity_course.course_id FROM course INNER JOIN identity_course ON identity_course.course_id = course.id WHERE identity_course.identity_id = '03e044f4-ad41-4179-a861-e52cf11a2380'
2026-06-17 20:36:47.066 [DefaultDispatcher-worker-3 @request#13] DEBUG Exposed - SELECT file.id, file."name", file.content_type, file."data", identity_file.identity_id, identity_file.file_id FROM file INNER JOIN identity_file ON identity_file.file_id = file.id WHERE identity_file.identity_id = '03e044f4-ad41-4179-a861-e52cf11a2380'
2026-06-17 20:36:47.137 [DefaultDispatcher-worker-3 @request#14] DEBUG Exposed - SELECT "identity".id, "identity".authority, "identity".email, "identity"."password", "identity".status, "identity".firstname, "identity".lastname, "identity".patronymic, "identity".about, "identity".image_id FROM "identity" WHERE "identity".email = 'admin@gmail.com'
2026-06-17 20:36:47.200 [DefaultDispatcher-worker-7] DEBUG Exposed - SELECT "identity".id, "identity".authority, "identity".email, "identity"."password", "identity".status, "identity".firstname, "identity".lastname, "identity".patronymic, "identity".about, "identity".image_id FROM "identity" WHERE "identity".email = 'admin@gmail.com'
2026-06-17 20:36:47.208 [DefaultDispatcher-worker-7 @request#18] DEBUG Exposed - SELECT "identity".id, "identity".authority, "identity".email, "identity"."password", "identity".status, "identity".firstname, "identity".lastname, "identity".patronymic, "identity".about, "identity".image_id FROM "identity" WHERE "identity".id = '03e044f4-ad41-4179-a861-e52cf11a2380'
2026-06-17 20:36:47.213 [DefaultDispatcher-worker-7 @request#18] DEBUG Exposed - SELECT "identity".id, "identity".authority, "identity".email, "identity"."password", "identity".status, "identity".firstname, "identity".lastname, "identity".patronymic, "identity".about, "identity".image_id FROM "identity" WHERE "identity".id = '03e044f4-ad41-4179-a861-e52cf11a2380' FOR UPDATE
2026-06-17 20:36:47.217 [DefaultDispatcher-worker-7 @request#18] DEBUG Exposed - SELECT course.id, course."name", course.description, course.created_at, identity_course.identity_id, identity_course.course_id FROM course INNER JOIN identity_course ON identity_course.course_id = course.id WHERE identity_course.identity_id = '03e044f4-ad41-4179-a861-e52cf11a2380'
2026-06-17 20:36:47.218 [DefaultDispatcher-worker-7 @request#18] DEBUG Exposed - SELECT file.id, file."name", file.content_type, file."data", identity_file.identity_id, identity_file.file_id FROM file INNER JOIN identity_file ON identity_file.file_id = file.id WHERE identity_file.identity_id = '03e044f4-ad41-4179-a861-e52cf11a2380'
2026-06-17 20:36:47.224 [DefaultDispatcher-worker-7 @request#18] DEBUG Exposed - UPDATE "identity" SET about='About Admin Account' WHERE id = '03e044f4-ad41-4179-a861-e52cf11a2380'
2026-06-17 20:36:47.243 [DefaultDispatcher-worker-3 @request#19] DEBUG Exposed - SELECT "identity".id, "identity".authority, "identity".email, "identity"."password", "identity".status, "identity".firstname, "identity".lastname, "identity".patronymic, "identity".about, "identity".image_id FROM "identity" WHERE "identity".email = 'admin@gmail.com'
2026-06-17 20:36:47.304 [DefaultDispatcher-worker-3 @request#19] DEBUG Exposed - SELECT "identity".id, "identity".authority, "identity".email, "identity"."password", "identity".status, "identity".firstname, "identity".lastname, "identity".patronymic, "identity".about, "identity".image_id FROM "identity"
2026-06-17 20:36:47.306 [DefaultDispatcher-worker-3 @request#19] DEBUG Exposed - SELECT course.id, course."name", course.description, course.created_at, identity_course.identity_id, identity_course.course_id FROM course INNER JOIN identity_course ON identity_course.course_id = course.id WHERE identity_course.identity_id IN ('e2385462-0674-47c3-96c0-c5666526c76f', '03e044f4-ad41-4179-a861-e52cf11a2380')
2026-06-17 20:36:47.308 [DefaultDispatcher-worker-3 @request#19] DEBUG Exposed - SELECT file.id, file."name", file.content_type, file."data", identity_file.identity_id, identity_file.file_id FROM file INNER JOIN identity_file ON identity_file.file_id = file.id WHERE identity_file.identity_id IN ('e2385462-0674-47c3-96c0-c5666526c76f', '03e044f4-ad41-4179-a861-e52cf11a2380')
2026-06-17 20:36:47.320 [DefaultDispatcher-worker-3 @request#23] DEBUG Exposed - SELECT "identity".id, "identity".authority, "identity".email, "identity"."password", "identity".status, "identity".firstname, "identity".lastname, "identity".patronymic, "identity".about, "identity".image_id FROM "identity" WHERE "identity".id = '03e044f4-ad41-4179-a861-e52cf11a2380'
2026-06-17 20:36:47.337 [DefaultDispatcher-worker-8 @request#27] DEBUG Exposed - SELECT "identity".id, "identity".authority, "identity".email, "identity"."password", "identity".status, "identity".firstname, "identity".lastname, "identity".patronymic, "identity".about, "identity".image_id FROM "identity" WHERE "identity".id = '03e044f4-ad41-4179-a861-e52cf11a2380'
2026-06-17 20:36:47.350 [DefaultDispatcher-worker-8 @request#27] DEBUG Exposed - SELECT "identity".id, "identity".authority, "identity".email, "identity"."password", "identity".status, "identity".firstname, "identity".lastname, "identity".patronymic, "identity".about, "identity".image_id FROM "identity" WHERE "identity".id = '03e044f4-ad41-4179-a861-e52cf11a2380'
2026-06-17 20:36:47.353 [DefaultDispatcher-worker-8 @request#27] DEBUG Exposed - SELECT course.id, course."name", course.description, course.created_at, identity_course.identity_id, identity_course.course_id FROM course INNER JOIN identity_course ON identity_course.course_id = course.id WHERE identity_course.identity_id = '03e044f4-ad41-4179-a861-e52cf11a2380'
2026-06-17 20:36:47.354 [DefaultDispatcher-worker-8 @request#27] DEBUG Exposed - SELECT file.id, file."name", file.content_type, file."data", identity_file.identity_id, identity_file.file_id FROM file INNER JOIN identity_file ON identity_file.file_id = file.id WHERE identity_file.identity_id = '03e044f4-ad41-4179-a861-e52cf11a2380'
2026-06-17 20:36:47.373 [DefaultDispatcher-worker-8 @request#27] DEBUG Exposed - INSERT INTO image (id, "name", content_type, "data", preview) VALUES ('02f0f1d1-a245-455a-8066-d82e7931382e', 'test_image.jpg', 'image/jpeg', E'\\x', TRUE)
2026-06-17 20:36:47.375 [DefaultDispatcher-worker-8 @request#27] DEBUG Exposed - UPDATE "identity" SET image_id='02f0f1d1-a245-455a-8066-d82e7931382e' WHERE id = '03e044f4-ad41-4179-a861-e52cf11a2380'
2026-06-17 20:36:47.385 [DefaultDispatcher-worker-8 @request#32] DEBUG Exposed - SELECT "identity".id, "identity".authority, "identity".email, "identity"."password", "identity".status, "identity".firstname, "identity".lastname, "identity".patronymic, "identity".about, "identity".image_id FROM "identity" WHERE "identity".id = '03e044f4-ad41-4179-a861-e52cf11a2380'
2026-06-17 20:36:47.388 [DefaultDispatcher-worker-8 @request#32] DEBUG Exposed - SELECT "identity".id, "identity".authority, "identity".email, "identity"."password", "identity".status, "identity".firstname, "identity".lastname, "identity".patronymic, "identity".about, "identity".image_id FROM "identity" WHERE "identity".id = '03e044f4-ad41-4179-a861-e52cf11a2380'
2026-06-17 20:36:47.390 [DefaultDispatcher-worker-8 @request#32] DEBUG Exposed - SELECT course.id, course."name", course.description, course.created_at, identity_course.identity_id, identity_course.course_id FROM course INNER JOIN identity_course ON identity_course.course_id = course.id WHERE identity_course.identity_id = '03e044f4-ad41-4179-a861-e52cf11a2380'
2026-06-17 20:36:47.392 [DefaultDispatcher-worker-8 @request#32] DEBUG Exposed - SELECT file.id, file."name", file.content_type, file."data", identity_file.identity_id, identity_file.file_id FROM file INNER JOIN identity_file ON identity_file.file_id = file.id WHERE identity_file.identity_id = '03e044f4-ad41-4179-a861-e52cf11a2380'
2026-06-17 20:36:47.393 [DefaultDispatcher-worker-8 @request#32] DEBUG Exposed - SELECT image.id, image."name", image.content_type, image.preview, image."data" FROM image WHERE image.id = '02f0f1d1-a245-455a-8066-d82e7931382e'
2026-06-17 20:36:47.397 [DefaultDispatcher-worker-8 @request#32] DEBUG Exposed - DELETE FROM image WHERE image.id = '02f0f1d1-a245-455a-8066-d82e7931382e'
2026-06-17 20:36:47.409 [DefaultDispatcher-worker-8 @request#33] DEBUG Exposed - SELECT "identity".id, "identity".authority, "identity".email, "identity"."password", "identity".status, "identity".firstname, "identity".lastname, "identity".patronymic, "identity".about, "identity".image_id FROM "identity" WHERE "identity".id = '03e044f4-ad41-4179-a861-e52cf11a2380'
2026-06-17 20:36:47.414 [DefaultDispatcher-worker-8 @request#33] DEBUG Exposed - SELECT "identity".id, "identity".authority, "identity".email, "identity"."password", "identity".status, "identity".firstname, "identity".lastname, "identity".patronymic, "identity".about, "identity".image_id FROM "identity" WHERE "identity".id = '03e044f4-ad41-4179-a861-e52cf11a2380'
2026-06-17 20:36:47.416 [DefaultDispatcher-worker-8 @request#33] DEBUG Exposed - SELECT course.id, course."name", course.description, course.created_at, identity_course.identity_id, identity_course.course_id FROM course INNER JOIN identity_course ON identity_course.course_id = course.id WHERE identity_course.identity_id = '03e044f4-ad41-4179-a861-e52cf11a2380'
2026-06-17 20:36:47.418 [DefaultDispatcher-worker-8 @request#33] DEBUG Exposed - SELECT file.id, file."name", file.content_type, file."data", identity_file.identity_id, identity_file.file_id FROM file INNER JOIN identity_file ON identity_file.file_id = file.id WHERE identity_file.identity_id = '03e044f4-ad41-4179-a861-e52cf11a2380'
2026-06-17 20:36:47.423 [DefaultDispatcher-worker-8 @request#33] DEBUG Exposed - INSERT INTO file (id, "name", content_type, "data") VALUES ('1808e32f-def3-48c7-8145-a793ecbd9851', 'test_file.txt', 'application/octet-stream', E'\\x')
2026-06-17 20:36:47.427 [DefaultDispatcher-worker-8 @request#33] DEBUG Exposed - DELETE FROM identity_file WHERE (identity_file.identity_id = '03e044f4-ad41-4179-a861-e52cf11a2380') AND (identity_file.file_id != '1808e32f-def3-48c7-8145-a793ecbd9851')
2026-06-17 20:36:47.430 [DefaultDispatcher-worker-8 @request#33] DEBUG Exposed - INSERT INTO identity_file (identity_id, file_id) VALUES ('03e044f4-ad41-4179-a861-e52cf11a2380', '1808e32f-def3-48c7-8145-a793ecbd9851')
2026-06-17 20:36:47.442 [DefaultDispatcher-worker-6] DEBUG Exposed - SELECT file.id, file."name", file.content_type, file."data" FROM file WHERE file."name" = 'test_file.txt'
2026-06-17 20:36:47.449 [DefaultDispatcher-worker-6 @request#38] DEBUG Exposed - SELECT "identity".id, "identity".authority, "identity".email, "identity"."password", "identity".status, "identity".firstname, "identity".lastname, "identity".patronymic, "identity".about, "identity".image_id FROM "identity" WHERE "identity".id = '03e044f4-ad41-4179-a861-e52cf11a2380'
2026-06-17 20:36:47.451 [DefaultDispatcher-worker-6 @request#38] DEBUG Exposed - SELECT course.id, course."name", course.description, course.created_at, identity_course.identity_id, identity_course.course_id FROM course INNER JOIN identity_course ON identity_course.course_id = course.id WHERE identity_course.identity_id = '03e044f4-ad41-4179-a861-e52cf11a2380'
2026-06-17 20:36:47.453 [DefaultDispatcher-worker-6 @request#38] DEBUG Exposed - SELECT file.id, file."name", file.content_type, file."data", identity_file.identity_id, identity_file.file_id FROM file INNER JOIN identity_file ON identity_file.file_id = file.id WHERE identity_file.identity_id = '03e044f4-ad41-4179-a861-e52cf11a2380'
2026-06-17 20:36:47.457 [DefaultDispatcher-worker-6 @request#38] DEBUG Exposed - DELETE FROM file WHERE file.id = '1808e32f-def3-48c7-8145-a793ecbd9851'
2026-06-17 20:36:47.469 [DefaultDispatcher-worker-6 @request#39] DEBUG Exposed - SELECT "identity".id, "identity".authority, "identity".email, "identity"."password", "identity".status, "identity".firstname, "identity".lastname, "identity".patronymic, "identity".about, "identity".image_id FROM "identity" WHERE "identity".id = '03e044f4-ad41-4179-a861-e52cf11a2380'
2026-06-17 20:36:47.474 [DefaultDispatcher-worker-6 @request#39] DEBUG Exposed - SELECT "identity".id, "identity".authority, "identity".email, "identity"."password", "identity".status, "identity".firstname, "identity".lastname, "identity".patronymic, "identity".about, "identity".image_id FROM "identity" WHERE "identity".id = '03e044f4-ad41-4179-a861-e52cf11a2380'
2026-06-17 20:36:47.476 [DefaultDispatcher-worker-6 @request#39] DEBUG Exposed - SELECT course.id, course."name", course.description, course.created_at, identity_course.identity_id, identity_course.course_id FROM course INNER JOIN identity_course ON identity_course.course_id = course.id WHERE identity_course.identity_id = '03e044f4-ad41-4179-a861-e52cf11a2380'
2026-06-17 20:36:47.479 [DefaultDispatcher-worker-6 @request#39] DEBUG Exposed - SELECT file.id, file."name", file.content_type, file."data", identity_file.identity_id, identity_file.file_id FROM file INNER JOIN identity_file ON identity_file.file_id = file.id WHERE identity_file.identity_id = '03e044f4-ad41-4179-a861-e52cf11a2380'
2026-06-17 20:36:47.481 [DefaultDispatcher-worker-6 @request#39] DEBUG Exposed - DELETE FROM "identity" WHERE "identity".id = '03e044f4-ad41-4179-a861-e52cf11a2380'
2026-06-17 20:36:47.484 [DefaultDispatcher-worker-6 @request#39] DEBUG Exposed - SELECT course.id, course."name", course.description, course.created_at, identity_course.course_id, identity_course.identity_id FROM course INNER JOIN identity_course ON course.id = identity_course.course_id WHERE identity_course.identity_id = '03e044f4-ad41-4179-a861-e52cf11a2380' LIMIT 1
]]></system-out>
  <system-err><![CDATA[]]></system-err>
</testsuite>
